<?xml version="1.0" encoding="UTF-8"?>
<testng-results ignored="0" total="1" passed="1" failed="0" skipped="0">
  <reporter-output>
  </reporter-output>
  <suite started-at="2021-07-26T20:16:09 IST" name="Default suite" finished-at="2021-07-26T20:16:14 IST" duration-ms="5262">
    <groups>
      <group name="cucumber">
        <method signature="AbstractTestNGCucumberTests.runScenario(io.cucumber.testng.PickleWrapper,io.cucumber.testng.FeatureWrapper)[pri:0, instance:runner.Run1@32b260fa]" name="runScenario" class="io.cucumber.testng.AbstractTestNGCucumberTests"/>
      </group> <!-- cucumber -->
    </groups>
    <test started-at="2021-07-26T20:16:09 IST" name="Default test" finished-at="2021-07-26T20:16:14 IST" duration-ms="5262">
      <class name="runner.Run1">
        <test-method is-config="true" signature="setUpClass()[pri:0, instance:runner.Run1@32b260fa]" started-at="2021-07-26T20:16:09 IST" name="setUpClass" finished-at="2021-07-26T20:16:09 IST" duration-ms="228" status="PASS">
          <reporter-output>
          </reporter-output>
        </test-method> <!-- setUpClass -->
        <test-method signature="runScenario(io.cucumber.testng.PickleWrapper,io.cucumber.testng.FeatureWrapper)[pri:0, instance:runner.Run1@32b260fa]" started-at="2021-07-26T20:16:09 IST" name="runScenario" description="Runs Cucumber Scenarios" data-provider="scenarios" finished-at="2021-07-26T20:16:14 IST" duration-ms="4977" status="PASS">
          <params>
            <param index="0">
              <value>
                <![CDATA["To test the login functionality of the Steam Application"]]>
              </value>
            </param>
            <param index="1">
              <value>
                <![CDATA["Optional[To test Steam Application]"]]>
              </value>
            </param>
          </params>
          <reporter-output>
          </reporter-output>
        </test-method> <!-- runScenario -->
        <test-method is-config="true" signature="tearDownClass()[pri:0, instance:runner.Run1@32b260fa]" started-at="2021-07-26T20:16:14 IST" name="tearDownClass" finished-at="2021-07-26T20:16:14 IST" duration-ms="14" status="PASS">
          <reporter-output>
          </reporter-output>
        </test-method> <!-- tearDownClass -->
      </class> <!-- runner.Run1 -->
    </test> <!-- Default test -->
  </suite> <!-- Default suite -->
</testng-results>
